nohup: ignoring input
Configuring device: MAX78000, simulate=False.
[10:04:42] === FAST POSE TRAINING ===
[10:04:42] CPU Cores: 20, Compute threads: 16, Data workers: 8
[10:04:42] Subset: 15000, Batch: 8, Save every: 100
[10:04:49] Dataset: 15000 samples, 1875 batches per epoch
[10:04:53] Student params: 659,136
[10:04:57] Teacher loaded
[10:04:57] 
[10:04:57] === RESUMING TRAINING ===
[10:04:57] Loading checkpoint from pose_med2_train/latest.pth...
[10:04:57] Resumed from batch 800, best loss: 10.0679
[10:04:57] Continuing training from batch 800...
[10:10:56] Batch 810/15000 | Loss: 13.7507 | Student: 34.3619 | Distill: 4.9173 | Time: 35.8s | ETA: 140.9h
[10:16:16] Batch 820/15000 | Loss: 15.9541 | Student: 38.7291 | Distill: 6.1934 | Time: 32.0s | ETA: 126.1h
[10:21:53] Batch 830/15000 | Loss: 16.2512 | Student: 41.0282 | Distill: 5.6325 | Time: 33.7s | ETA: 132.7h
[10:26:45] Batch 840/15000 | Loss: 14.9344 | Student: 37.7908 | Distill: 5.1388 | Time: 29.2s | ETA: 115.0h
[10:31:37] Batch 850/15000 | Loss: 14.5622 | Student: 37.0827 | Distill: 4.9105 | Time: 29.1s | ETA: 114.4h
[10:36:23] Batch 860/15000 | Loss: 14.2076 | Student: 37.4426 | Distill: 4.2498 | Time: 28.6s | ETA: 112.5h
[10:41:12] Batch 870/15000 | Loss: 16.8211 | Student: 43.2932 | Distill: 5.4759 | Time: 28.9s | ETA: 113.4h
[10:46:30] Batch 880/15000 | Loss: 15.0623 | Student: 39.0056 | Distill: 4.8009 | Time: 31.8s | ETA: 124.6h
[10:52:26] Batch 890/15000 | Loss: 15.5752 | Student: 38.7757 | Distill: 5.6322 | Time: 35.6s | ETA: 139.4h
[10:58:27] Batch 900/15000 | Loss: 15.0374 | Student: 36.6450 | Distill: 5.7770 | Time: 36.1s | ETA: 141.5h
[10:58:27]   Saved checkpoint at batch 900
[11:04:29] Batch 910/15000 | Loss: 15.9544 | Student: 39.9225 | Distill: 5.6824 | Time: 36.2s | ETA: 141.7h
[11:10:27] Batch 920/15000 | Loss: 14.5586 | Student: 36.7890 | Distill: 5.0313 | Time: 35.8s | ETA: 140.0h
[11:16:24] Batch 930/15000 | Loss: 15.0811 | Student: 36.4590 | Distill: 5.9191 | Time: 35.7s | ETA: 139.4h
[11:22:27] Batch 940/15000 | Loss: 14.4825 | Student: 37.7827 | Distill: 4.4967 | Time: 36.3s | ETA: 141.9h
[11:28:27] Batch 950/15000 | Loss: 15.7176 | Student: 36.9098 | Distill: 6.6352 | Time: 36.0s | ETA: 140.4h
[11:34:25] Batch 960/15000 | Loss: 14.0267 | Student: 35.0228 | Distill: 5.0284 | Time: 35.8s | ETA: 139.6h
[11:40:22] Batch 970/15000 | Loss: 13.8947 | Student: 36.8924 | Distill: 4.0386 | Time: 35.7s | ETA: 139.1h
[11:46:19] Batch 980/15000 | Loss: 15.1777 | Student: 40.3418 | Distill: 4.3931 | Time: 35.7s | ETA: 139.1h
[11:52:19] Batch 990/15000 | Loss: 14.2366 | Student: 35.5707 | Distill: 5.0934 | Time: 36.0s | ETA: 140.1h
[11:58:18] Batch 1000/15000 | Loss: 14.4313 | Student: 35.5368 | Distill: 5.3861 | Time: 35.9s | ETA: 139.8h
[11:58:19]   *** Saved BEST at batch 1000 ***
[12:04:14] Batch 1010/15000 | Loss: 14.0811 | Student: 36.9524 | Distill: 4.2792 | Time: 35.5s | ETA: 138.1h
[12:10:11] Batch 1020/15000 | Loss: 14.9009 | Student: 37.3942 | Distill: 5.2610 | Time: 35.7s | ETA: 138.7h
[12:16:07] Batch 1030/15000 | Loss: 14.3416 | Student: 35.9096 | Distill: 5.0981 | Time: 35.6s | ETA: 138.1h
[12:22:07] Batch 1040/15000 | Loss: 15.5399 | Student: 39.1661 | Distill: 5.4143 | Time: 35.9s | ETA: 139.3h
[12:28:01] Batch 1050/15000 | Loss: 16.0333 | Student: 39.5839 | Distill: 5.9403 | Time: 35.5s | ETA: 137.4h
[12:34:00] Batch 1060/15000 | Loss: 16.1601 | Student: 39.8849 | Distill: 5.9924 | Time: 35.9s | ETA: 139.1h
[12:39:56] Batch 1070/15000 | Loss: 14.1427 | Student: 36.3519 | Distill: 4.6245 | Time: 35.5s | ETA: 137.5h
[12:45:51] Batch 1080/15000 | Loss: 15.5495 | Student: 40.3080 | Distill: 4.9387 | Time: 35.5s | ETA: 137.3h
[12:51:46] Batch 1090/15000 | Loss: 15.8885 | Student: 38.6716 | Distill: 6.1243 | Time: 35.5s | ETA: 137.1h
[12:57:41] Batch 1100/15000 | Loss: 15.9682 | Student: 40.6966 | Distill: 5.3703 | Time: 35.5s | ETA: 137.1h
[12:57:41]   Saved checkpoint at batch 1100
[13:03:36] Batch 1110/15000 | Loss: 16.8143 | Student: 40.4336 | Distill: 6.6918 | Time: 35.5s | ETA: 137.0h
[13:09:32] Batch 1120/15000 | Loss: 15.7924 | Student: 40.0785 | Distill: 5.3840 | Time: 35.6s | ETA: 137.2h
[13:15:28] Batch 1130/15000 | Loss: 14.4142 | Student: 35.4259 | Distill: 5.4092 | Time: 35.6s | ETA: 137.1h
[13:21:24] Batch 1140/15000 | Loss: 14.2003 | Student: 34.2756 | Distill: 5.5965 | Time: 35.6s | ETA: 137.2h
[13:27:20] Batch 1150/15000 | Loss: 14.5640 | Student: 36.5202 | Distill: 5.1541 | Time: 35.6s | ETA: 136.9h
[13:33:14] Batch 1160/15000 | Loss: 15.8228 | Student: 40.1476 | Distill: 5.3979 | Time: 35.4s | ETA: 136.0h
[13:39:09] Batch 1170/15000 | Loss: 14.6899 | Student: 37.6624 | Distill: 4.8445 | Time: 35.5s | ETA: 136.5h
[13:45:07] Batch 1180/15000 | Loss: 16.5417 | Student: 42.2131 | Distill: 5.5397 | Time: 35.7s | ETA: 137.1h
[13:51:04] Batch 1190/15000 | Loss: 14.5208 | Student: 37.1117 | Distill: 4.8389 | Time: 35.7s | ETA: 137.1h
[13:57:01] Batch 1200/15000 | Loss: 15.4090 | Student: 40.1521 | Distill: 4.8049 | Time: 35.7s | ETA: 136.7h
[13:57:01]   Saved checkpoint at batch 1200
[14:02:56] Batch 1210/15000 | Loss: 15.5254 | Student: 40.5720 | Distill: 4.7911 | Time: 35.5s | ETA: 136.1h
[14:08:51] Batch 1220/15000 | Loss: 14.5061 | Student: 38.1330 | Distill: 4.3803 | Time: 35.5s | ETA: 135.9h
[14:14:47] Batch 1230/15000 | Loss: 14.2520 | Student: 36.9433 | Distill: 4.5272 | Time: 35.6s | ETA: 136.3h
[14:20:47] Batch 1240/15000 | Loss: 15.4738 | Student: 37.8029 | Distill: 5.9042 | Time: 35.9s | ETA: 137.3h
[14:26:43] Batch 1250/15000 | Loss: 16.1435 | Student: 40.6225 | Distill: 5.6525 | Time: 35.6s | ETA: 135.9h
[14:32:40] Batch 1260/15000 | Loss: 15.8317 | Student: 40.0317 | Distill: 5.4603 | Time: 35.7s | ETA: 136.4h
[14:38:37] Batch 1270/15000 | Loss: 15.2725 | Student: 38.6403 | Distill: 5.2577 | Time: 35.7s | ETA: 136.2h
[14:44:35] Batch 1280/15000 | Loss: 15.2473 | Student: 38.8091 | Distill: 5.1494 | Time: 35.8s | ETA: 136.4h
[14:50:31] Batch 1290/15000 | Loss: 14.8718 | Student: 37.9142 | Distill: 4.9965 | Time: 35.6s | ETA: 135.5h
[14:56:29] Batch 1300/15000 | Loss: 14.7449 | Student: 37.4580 | Distill: 5.0106 | Time: 35.8s | ETA: 136.4h
[14:56:30]   Saved checkpoint at batch 1300
[15:02:29] Batch 1310/15000 | Loss: 14.2595 | Student: 37.7317 | Distill: 4.2000 | Time: 36.0s | ETA: 136.9h
[15:08:27] Batch 1320/15000 | Loss: 14.7199 | Student: 36.3432 | Distill: 5.4528 | Time: 35.7s | ETA: 135.7h
[15:14:21] Batch 1330/15000 | Loss: 15.4457 | Student: 38.0414 | Distill: 5.7619 | Time: 35.5s | ETA: 134.6h
[15:20:18] Batch 1340/15000 | Loss: 15.3082 | Student: 38.1132 | Distill: 5.5347 | Time: 35.7s | ETA: 135.4h
[15:26:14] Batch 1350/15000 | Loss: 14.0528 | Student: 36.3774 | Distill: 4.4851 | Time: 35.6s | ETA: 135.0h
[15:32:10] Batch 1360/15000 | Loss: 15.4110 | Student: 37.5736 | Distill: 5.9127 | Time: 35.6s | ETA: 134.8h
[15:38:07] Batch 1370/15000 | Loss: 13.5514 | Student: 33.3044 | Distill: 5.0859 | Time: 35.7s | ETA: 135.1h
[15:44:02] Batch 1380/15000 | Loss: 14.7060 | Student: 38.4532 | Distill: 4.5286 | Time: 35.5s | ETA: 134.4h
[15:49:58] Batch 1390/15000 | Loss: 14.2663 | Student: 36.8326 | Distill: 4.5950 | Time: 35.6s | ETA: 134.5h
[15:55:55] Batch 1400/15000 | Loss: 14.8652 | Student: 37.7024 | Distill: 5.0779 | Time: 35.6s | ETA: 134.6h
[15:55:55]   *** Saved BEST at batch 1400 ***
[16:01:50] Batch 1410/15000 | Loss: 14.4397 | Student: 37.3025 | Distill: 4.6414 | Time: 35.5s | ETA: 134.0h
[16:07:44] Batch 1420/15000 | Loss: 14.4714 | Student: 35.2493 | Distill: 5.5666 | Time: 35.4s | ETA: 133.6h
[16:13:39] Batch 1430/15000 | Loss: 13.5131 | Student: 35.9449 | Distill: 3.8995 | Time: 35.5s | ETA: 133.7h
[16:19:34] Batch 1440/15000 | Loss: 15.2276 | Student: 38.3577 | Distill: 5.3147 | Time: 35.5s | ETA: 133.7h
[16:25:31] Batch 1450/15000 | Loss: 16.4776 | Student: 39.2710 | Distill: 6.7090 | Time: 35.7s | ETA: 134.4h
[16:31:26] Batch 1460/15000 | Loss: 16.3644 | Student: 41.4798 | Distill: 5.6007 | Time: 35.5s | ETA: 133.5h
[16:37:24] Batch 1470/15000 | Loss: 16.8823 | Student: 40.5196 | Distill: 6.7521 | Time: 35.8s | ETA: 134.5h
[16:43:18] Batch 1480/15000 | Loss: 14.9503 | Student: 37.5740 | Distill: 5.2545 | Time: 35.4s | ETA: 132.9h
[16:49:12] Batch 1490/15000 | Loss: 14.7110 | Student: 37.6515 | Distill: 4.8793 | Time: 35.4s | ETA: 133.0h
[16:55:08] Batch 1500/15000 | Loss: 15.4021 | Student: 38.8914 | Distill: 5.3352 | Time: 35.6s | ETA: 133.4h
[16:55:08]   Saved checkpoint at batch 1500
[17:01:03] Batch 1510/15000 | Loss: 15.9650 | Student: 41.3855 | Distill: 5.0704 | Time: 35.5s | ETA: 133.2h
[17:07:01] Batch 1520/15000 | Loss: 13.3418 | Student: 34.4152 | Distill: 4.3104 | Time: 35.8s | ETA: 134.0h
