nohup: ignoring input
Configuring device: MAX78000, simulate=False.
[2025-11-30 00:51:12] ======================================================================
[2025-11-30 00:51:12] POSE ESTIMATION - CPU TRAINING WITH KNOWLEDGE DISTILLATION
[2025-11-30 00:51:12] ======================================================================
[2025-11-30 00:51:12] Device: cpu
[2025-11-30 00:51:12] CPU Cores detected: 20
[2025-11-30 00:51:12] Compute threads: 16
[2025-11-30 00:51:12] Data loader workers: 8
[2025-11-30 00:51:12] PyTorch threads: 16
[2025-11-30 00:51:12] ----------------------------------------------------------------------
[2025-11-30 00:51:12] Epochs: 100
[2025-11-30 00:51:12] Batch size: 10
[2025-11-30 00:51:12] Learning rate: 0.001
[2025-11-30 00:51:12] Subset: Full dataset
[2025-11-30 00:51:12] Output: pose_cpu_checkpoints
[2025-11-30 00:51:12] ======================================================================
[2025-11-30 00:51:12] Loading dataset...
[2025-11-30 00:51:15] Dataset: 132021 total, 118818 train, 13203 val
[2025-11-30 00:51:15] Train batches: 11882, Val batches: 1321
[2025-11-30 00:51:15] Creating student model...
[2025-11-30 00:51:15] Student model parameters: 659,136
[2025-11-30 00:51:15] Loading teacher model...
[2025-11-30 00:51:18] Teacher model parameters: 4,091,698
[2025-11-30 00:51:18] Compression ratio: 6.2x
[2025-11-30 00:51:21] 
======================================================================
[2025-11-30 00:51:21] STARTING TRAINING
[2025-11-30 00:51:21] ======================================================================
[2025-11-30 00:51:21] 
Epoch 1/100 (LR: 0.001000)
[2025-11-30 00:51:21] --------------------------------------------------
[2025-11-30 00:55:55]   Batch 10/11882 | Loss: 14.3326 | Student: 47.0233 | Distill: 0.3223 | Time: 26.8s | ETA: 90.3h
[2025-11-30 01:00:32]   Batch 20/11882 | Loss: 10.1596 | Student: 33.0885 | Distill: 0.3329 | Time: 27.5s | ETA: 91.2h
[2025-11-30 01:05:14]   Batch 30/11882 | Loss: 12.4132 | Student: 40.5883 | Distill: 0.3382 | Time: 28.1s | ETA: 92.6h
[2025-11-30 01:09:50]   Batch 40/11882 | Loss: 9.0717 | Student: 29.4607 | Distill: 0.3335 | Time: 27.2s | ETA: 91.0h
[2025-11-30 01:14:31]   Batch 50/11882 | Loss: 6.5351 | Student: 21.0411 | Distill: 0.3183 | Time: 28.4s | ETA: 92.2h
[2025-11-30 01:19:02]   Batch 60/11882 | Loss: 12.8056 | Student: 41.9663 | Distill: 0.3082 | Time: 27.0s | ETA: 89.0h
[2025-11-30 01:23:32]   Batch 70/11882 | Loss: 8.4075 | Student: 27.3388 | Distill: 0.2940 | Time: 26.9s | ETA: 88.6h
[2025-11-30 01:28:02]   Batch 80/11882 | Loss: 13.0589 | Student: 42.8900 | Distill: 0.2741 | Time: 26.9s | ETA: 88.3h
[2025-11-30 01:32:31]   Batch 90/11882 | Loss: 10.0574 | Student: 32.9633 | Distill: 0.2406 | Time: 26.9s | ETA: 88.2h
[2025-11-30 01:37:01]   Batch 100/11882 | Loss: 11.4295 | Student: 37.5893 | Distill: 0.2181 | Time: 27.0s | ETA: 88.4h
[2025-11-30 01:41:30]   Batch 110/11882 | Loss: 9.4511 | Student: 31.0292 | Distill: 0.2034 | Time: 27.1s | ETA: 88.2h
[2025-11-30 01:46:00]   Batch 120/11882 | Loss: 8.7360 | Student: 28.6714 | Distill: 0.1923 | Time: 26.8s | ETA: 88.0h
[2025-11-30 01:50:29]   Batch 130/11882 | Loss: 9.6338 | Student: 31.6801 | Distill: 0.1853 | Time: 26.9s | ETA: 88.0h
[2025-11-30 01:54:59]   Batch 140/11882 | Loss: 12.5929 | Student: 41.5616 | Distill: 0.1778 | Time: 26.8s | ETA: 88.0h
[2025-11-30 01:59:28]   Batch 150/11882 | Loss: 12.2993 | Student: 40.5967 | Distill: 0.1719 | Time: 26.8s | ETA: 87.5h
[2025-11-30 02:03:57]   Batch 160/11882 | Loss: 10.2015 | Student: 33.6276 | Distill: 0.1618 | Time: 26.7s | ETA: 87.5h
[2025-11-30 02:08:26]   Batch 170/11882 | Loss: 7.2266 | Student: 23.7219 | Distill: 0.1572 | Time: 26.8s | ETA: 87.6h
[2025-11-30 02:12:56]   Batch 180/11882 | Loss: 7.7590 | Student: 25.5012 | Distill: 0.1552 | Time: 27.2s | ETA: 87.8h
[2025-11-30 02:17:25]   Batch 190/11882 | Loss: 10.3426 | Student: 34.1226 | Distill: 0.1511 | Time: 27.1s | ETA: 87.3h
[2025-11-30 02:21:53]   Batch 200/11882 | Loss: 9.2393 | Student: 30.4578 | Distill: 0.1456 | Time: 26.9s | ETA: 87.2h
[2025-11-30 02:26:22]   Batch 210/11882 | Loss: 9.0594 | Student: 29.8764 | Distill: 0.1378 | Time: 27.0s | ETA: 87.1h
[2025-11-30 02:30:51]   Batch 220/11882 | Loss: 10.6805 | Student: 35.2885 | Distill: 0.1343 | Time: 26.9s | ETA: 87.1h
[2025-11-30 02:35:20]   Batch 230/11882 | Loss: 8.0880 | Student: 26.6599 | Distill: 0.1287 | Time: 26.9s | ETA: 87.1h
[2025-11-30 02:39:50]   Batch 240/11882 | Loss: 12.6941 | Student: 42.0247 | Distill: 0.1238 | Time: 27.2s | ETA: 87.2h
[2025-11-30 02:44:19]   Batch 250/11882 | Loss: 10.4190 | Student: 34.4504 | Distill: 0.1198 | Time: 26.8s | ETA: 87.1h
[2025-11-30 02:48:51]   Batch 260/11882 | Loss: 10.2065 | Student: 33.7525 | Distill: 0.1154 | Time: 29.0s | ETA: 87.5h
[2025-11-30 02:53:21]   Batch 270/11882 | Loss: 9.1175 | Student: 30.1326 | Distill: 0.1110 | Time: 27.0s | ETA: 87.2h
[2025-11-30 02:57:51]   Batch 280/11882 | Loss: 13.1366 | Student: 43.5300 | Distill: 0.1108 | Time: 27.0s | ETA: 87.1h
[2025-11-30 03:02:21]   Batch 290/11882 | Loss: 10.8686 | Student: 35.9773 | Distill: 0.1078 | Time: 27.0s | ETA: 86.8h
[2025-11-30 03:06:50]   Batch 300/11882 | Loss: 10.8520 | Student: 35.9371 | Distill: 0.1012 | Time: 27.1s | ETA: 86.7h
[2025-11-30 03:11:20]   Batch 310/11882 | Loss: 10.0237 | Student: 33.1722 | Distill: 0.1029 | Time: 26.8s | ETA: 86.6h
[2025-11-30 03:15:50]   Batch 320/11882 | Loss: 12.0821 | Student: 40.0453 | Distill: 0.0979 | Time: 27.2s | ETA: 86.9h
[2025-11-30 03:20:20]   Batch 330/11882 | Loss: 12.5217 | Student: 41.5193 | Distill: 0.0942 | Time: 26.8s | ETA: 86.5h
[2025-11-30 03:24:49]   Batch 340/11882 | Loss: 9.6879 | Student: 32.0820 | Distill: 0.0905 | Time: 26.7s | ETA: 86.2h
[2025-11-30 03:29:19]   Batch 350/11882 | Loss: 9.4080 | Student: 31.1713 | Distill: 0.0809 | Time: 27.4s | ETA: 86.7h
[2025-11-30 03:33:49]   Batch 360/11882 | Loss: 9.7903 | Student: 32.4538 | Distill: 0.0774 | Time: 27.0s | ETA: 86.2h
[2025-11-30 03:38:19]   Batch 370/11882 | Loss: 9.8831 | Student: 32.7729 | Distill: 0.0732 | Time: 26.8s | ETA: 86.3h
[2025-11-30 03:42:47]   Batch 380/11882 | Loss: 10.0140 | Student: 33.2172 | Distill: 0.0699 | Time: 26.8s | ETA: 85.6h
[2025-11-30 03:47:15]   Batch 390/11882 | Loss: 7.6685 | Student: 25.4054 | Distill: 0.0670 | Time: 26.7s | ETA: 85.7h
[2025-11-30 03:51:43]   Batch 400/11882 | Loss: 10.6629 | Student: 35.3903 | Distill: 0.0655 | Time: 26.9s | ETA: 85.3h
[2025-11-30 03:56:10]   Batch 410/11882 | Loss: 8.2011 | Student: 27.1971 | Distill: 0.0600 | Time: 26.8s | ETA: 85.2h
[2025-11-30 04:00:39]   Batch 420/11882 | Loss: 9.0790 | Student: 30.1317 | Distill: 0.0564 | Time: 26.6s | ETA: 85.5h
[2025-11-30 04:05:06]   Batch 430/11882 | Loss: 10.2836 | Student: 34.1525 | Distill: 0.0541 | Time: 26.7s | ETA: 85.1h
[2025-11-30 04:09:35]   Batch 440/11882 | Loss: 10.9191 | Student: 36.2693 | Distill: 0.0548 | Time: 27.0s | ETA: 85.3h
[2025-11-30 04:14:01]   Batch 450/11882 | Loss: 9.5254 | Student: 31.6311 | Distill: 0.0515 | Time: 26.4s | ETA: 84.6h
[2025-11-30 04:18:29]   Batch 460/11882 | Loss: 9.2332 | Student: 30.6639 | Distill: 0.0486 | Time: 26.8s | ETA: 85.0h
[2025-11-30 04:22:57]   Batch 470/11882 | Loss: 9.0866 | Student: 30.1921 | Distill: 0.0413 | Time: 26.8s | ETA: 84.9h
[2025-11-30 04:27:25]   Batch 480/11882 | Loss: 8.3485 | Student: 27.7376 | Distill: 0.0388 | Time: 26.8s | ETA: 84.9h
[2025-11-30 04:31:54]   Batch 490/11882 | Loss: 8.4813 | Student: 28.1727 | Distill: 0.0421 | Time: 26.8s | ETA: 84.9h
[2025-11-30 04:36:21]   Batch 500/11882 | Loss: 9.6498 | Student: 32.0776 | Distill: 0.0379 | Time: 26.7s | ETA: 84.6h
[2025-11-30 04:40:49]   Batch 510/11882 | Loss: 8.3754 | Student: 27.8290 | Distill: 0.0381 | Time: 26.8s | ETA: 84.7h
[2025-11-30 04:45:17]   Batch 520/11882 | Loss: 7.7718 | Student: 25.8339 | Distill: 0.0310 | Time: 26.5s | ETA: 84.4h
[2025-11-30 04:49:45]   Batch 530/11882 | Loss: 8.8897 | Student: 29.5692 | Distill: 0.0271 | Time: 26.8s | ETA: 84.5h
[2025-11-30 04:54:12]   Batch 540/11882 | Loss: 9.4630 | Student: 31.4834 | Distill: 0.0256 | Time: 26.7s | ETA: 84.3h
[2025-11-30 04:58:41]   Batch 550/11882 | Loss: 8.8834 | Student: 29.5531 | Distill: 0.0249 | Time: 27.2s | ETA: 84.7h
[2025-11-30 05:03:09]   Batch 560/11882 | Loss: 11.0004 | Student: 36.6154 | Distill: 0.0226 | Time: 26.8s | ETA: 84.2h
[2025-11-30 05:07:37]   Batch 570/11882 | Loss: 11.9812 | Student: 39.8823 | Distill: 0.0236 | Time: 26.9s | ETA: 84.2h
[2025-11-30 05:12:06]   Batch 580/11882 | Loss: 9.6611 | Student: 32.1529 | Distill: 0.0217 | Time: 26.8s | ETA: 84.3h
[2025-11-30 05:16:34]   Batch 590/11882 | Loss: 9.3066 | Student: 30.9781 | Distill: 0.0188 | Time: 27.0s | ETA: 84.1h
[2025-11-30 05:21:01]   Batch 600/11882 | Loss: 7.6342 | Student: 25.4027 | Distill: 0.0192 | Time: 26.8s | ETA: 83.7h
[2025-11-30 05:25:29]   Batch 610/11882 | Loss: 9.3529 | Student: 31.1374 | Distill: 0.0168 | Time: 26.6s | ETA: 83.8h
[2025-11-30 05:29:57]   Batch 620/11882 | Loss: 8.7751 | Student: 29.2057 | Distill: 0.0191 | Time: 27.0s | ETA: 83.8h
[2025-11-30 05:34:25]   Batch 630/11882 | Loss: 8.5252 | Student: 28.3769 | Distill: 0.0174 | Time: 26.6s | ETA: 83.7h
[2025-11-30 05:38:52]   Batch 640/11882 | Loss: 8.4458 | Student: 28.1103 | Distill: 0.0181 | Time: 26.7s | ETA: 83.6h
[2025-11-30 05:43:20]   Batch 650/11882 | Loss: 8.2244 | Student: 27.3729 | Distill: 0.0179 | Time: 26.7s | ETA: 83.5h
[2025-11-30 05:47:49]   Batch 660/11882 | Loss: 11.1322 | Student: 37.0692 | Distill: 0.0163 | Time: 26.8s | ETA: 83.8h
[2025-11-30 05:52:16]   Batch 670/11882 | Loss: 9.3146 | Student: 31.0136 | Distill: 0.0151 | Time: 26.8s | ETA: 83.3h
[2025-11-30 05:56:45]   Batch 680/11882 | Loss: 9.1163 | Student: 30.3529 | Distill: 0.0148 | Time: 27.3s | ETA: 83.5h
[2025-11-30 06:01:12]   Batch 690/11882 | Loss: 8.2561 | Student: 27.4866 | Distill: 0.0145 | Time: 26.7s | ETA: 83.1h
[2025-11-30 06:05:40]   Batch 700/11882 | Loss: 9.4427 | Student: 31.4412 | Distill: 0.0148 | Time: 26.7s | ETA: 83.1h
[2025-11-30 06:10:07]   Batch 710/11882 | Loss: 9.0501 | Student: 30.1382 | Distill: 0.0124 | Time: 26.5s | ETA: 83.1h
[2025-11-30 06:14:34]   Batch 720/11882 | Loss: 10.4208 | Student: 34.7062 | Distill: 0.0128 | Time: 26.9s | ETA: 82.8h
[2025-11-30 06:19:02]   Batch 730/11882 | Loss: 9.4211 | Student: 31.3756 | Distill: 0.0120 | Time: 26.8s | ETA: 82.9h
[2025-11-30 06:23:30]   Batch 740/11882 | Loss: 9.4795 | Student: 31.5652 | Distill: 0.0142 | Time: 26.7s | ETA: 82.9h
[2025-11-30 06:27:58]   Batch 750/11882 | Loss: 9.1438 | Student: 30.4495 | Distill: 0.0128 | Time: 26.8s | ETA: 82.9h
[2025-11-30 06:32:26]   Batch 760/11882 | Loss: 8.0009 | Student: 26.6418 | Distill: 0.0120 | Time: 26.8s | ETA: 82.8h
[2025-11-30 06:36:54]   Batch 770/11882 | Loss: 10.6849 | Student: 35.5894 | Distill: 0.0116 | Time: 26.9s | ETA: 82.6h
[2025-11-30 06:41:21]   Batch 780/11882 | Loss: 11.1652 | Student: 37.1888 | Distill: 0.0122 | Time: 26.6s | ETA: 82.4h
[2025-11-30 06:45:48]   Batch 790/11882 | Loss: 9.7872 | Student: 32.5972 | Distill: 0.0115 | Time: 26.6s | ETA: 82.3h
[2025-11-30 06:50:16]   Batch 800/11882 | Loss: 8.5986 | Student: 28.6346 | Distill: 0.0117 | Time: 26.4s | ETA: 82.3h
[2025-11-30 06:54:43]   Batch 810/11882 | Loss: 8.9768 | Student: 29.8969 | Distill: 0.0111 | Time: 26.9s | ETA: 82.4h
[2025-11-30 06:59:12]   Batch 820/11882 | Loss: 7.5588 | Student: 25.1695 | Distill: 0.0113 | Time: 26.8s | ETA: 82.7h
[2025-11-30 07:03:40]   Batch 830/11882 | Loss: 12.0183 | Student: 40.0362 | Distill: 0.0106 | Time: 26.7s | ETA: 82.0h
[2025-11-30 07:08:07]   Batch 840/11882 | Loss: 9.3512 | Student: 31.1390 | Distill: 0.0136 | Time: 26.6s | ETA: 82.0h
[2025-11-30 07:12:35]   Batch 850/11882 | Loss: 8.2563 | Student: 27.4987 | Distill: 0.0095 | Time: 26.7s | ETA: 82.0h
[2025-11-30 07:17:02]   Batch 860/11882 | Loss: 9.6405 | Student: 32.1125 | Distill: 0.0096 | Time: 26.7s | ETA: 81.9h
[2025-11-30 07:21:31]   Batch 870/11882 | Loss: 9.2850 | Student: 30.9283 | Distill: 0.0093 | Time: 27.1s | ETA: 82.0h
[2025-11-30 07:25:57]   Batch 880/11882 | Loss: 8.0774 | Student: 26.8987 | Distill: 0.0111 | Time: 26.8s | ETA: 81.5h
[2025-11-30 07:30:26]   Batch 890/11882 | Loss: 9.6947 | Student: 32.2885 | Distill: 0.0116 | Time: 26.8s | ETA: 81.9h
[2025-11-30 07:34:52]   Batch 900/11882 | Loss: 8.4396 | Student: 28.1086 | Distill: 0.0101 | Time: 26.6s | ETA: 81.3h
[2025-11-30 07:39:20]   Batch 910/11882 | Loss: 10.1239 | Student: 33.7225 | Distill: 0.0102 | Time: 27.1s | ETA: 81.6h
[2025-11-30 07:43:48]   Batch 920/11882 | Loss: 9.1115 | Student: 30.3515 | Distill: 0.0086 | Time: 26.7s | ETA: 81.6h
[2025-11-30 07:48:18]   Batch 930/11882 | Loss: 9.2636 | Student: 30.8575 | Distill: 0.0091 | Time: 26.8s | ETA: 82.0h
[2025-11-30 07:52:48]   Batch 940/11882 | Loss: 10.2826 | Student: 34.2530 | Distill: 0.0096 | Time: 26.9s | ETA: 82.2h
[2025-11-30 07:57:18]   Batch 950/11882 | Loss: 9.0551 | Student: 30.1642 | Distill: 0.0084 | Time: 27.0s | ETA: 81.8h
[2025-11-30 08:01:46]   Batch 960/11882 | Loss: 10.3738 | Student: 34.5603 | Distill: 0.0082 | Time: 27.1s | ETA: 81.4h
[2025-11-30 08:06:14]   Batch 970/11882 | Loss: 9.1723 | Student: 30.5548 | Distill: 0.0083 | Time: 26.8s | ETA: 81.3h
[2025-11-30 08:10:43]   Batch 980/11882 | Loss: 7.2228 | Student: 24.0535 | Distill: 0.0097 | Time: 26.9s | ETA: 81.4h
[2025-11-30 08:15:13]   Batch 990/11882 | Loss: 8.8864 | Student: 29.6026 | Distill: 0.0081 | Time: 26.6s | ETA: 81.5h
[2025-11-30 08:19:42]   Batch 1000/11882 | Loss: 8.2759 | Student: 27.5667 | Distill: 0.0085 | Time: 27.1s | ETA: 81.6h
[2025-11-30 08:24:11]   Batch 1010/11882 | Loss: 10.7889 | Student: 35.9440 | Distill: 0.0081 | Time: 26.8s | ETA: 81.0h
[2025-11-30 08:28:39]   Batch 1020/11882 | Loss: 12.5220 | Student: 41.7237 | Distill: 0.0070 | Time: 26.8s | ETA: 81.0h
[2025-11-30 08:33:08]   Batch 1030/11882 | Loss: 8.7601 | Student: 29.1841 | Distill: 0.0070 | Time: 27.0s | ETA: 81.1h
[2025-11-30 08:37:37]   Batch 1040/11882 | Loss: 9.2784 | Student: 30.9119 | Distill: 0.0069 | Time: 26.8s | ETA: 80.8h
[2025-11-30 08:42:06]   Batch 1050/11882 | Loss: 9.4553 | Student: 31.5030 | Distill: 0.0063 | Time: 27.0s | ETA: 81.0h
[2025-11-30 08:46:36]   Batch 1060/11882 | Loss: 7.5575 | Student: 25.1752 | Distill: 0.0071 | Time: 27.1s | ETA: 81.1h
[2025-11-30 08:51:05]   Batch 1070/11882 | Loss: 11.2612 | Student: 37.5207 | Distill: 0.0072 | Time: 26.7s | ETA: 80.8h
[2025-11-30 08:55:34]   Batch 1080/11882 | Loss: 8.7440 | Student: 29.1302 | Distill: 0.0070 | Time: 26.6s | ETA: 80.6h
[2025-11-30 09:00:05]   Batch 1090/11882 | Loss: 9.3674 | Student: 31.2089 | Distill: 0.0068 | Time: 27.0s | ETA: 81.2h
[2025-11-30 09:04:35]   Batch 1100/11882 | Loss: 8.5967 | Student: 28.6388 | Distill: 0.0072 | Time: 27.0s | ETA: 80.8h
[2025-11-30 09:09:05]   Batch 1110/11882 | Loss: 7.3274 | Student: 24.4108 | Distill: 0.0060 | Time: 27.0s | ETA: 80.7h
[2025-11-30 09:13:33]   Batch 1120/11882 | Loss: 8.2651 | Student: 27.5368 | Distill: 0.0058 | Time: 27.1s | ETA: 80.3h
[2025-11-30 09:18:01]   Batch 1130/11882 | Loss: 7.6691 | Student: 25.5494 | Distill: 0.0062 | Time: 26.6s | ETA: 80.1h
[2025-11-30 09:22:31]   Batch 1140/11882 | Loss: 6.9310 | Student: 23.0888 | Distill: 0.0062 | Time: 26.9s | ETA: 80.4h
[2025-11-30 09:27:02]   Batch 1150/11882 | Loss: 9.2255 | Student: 30.7383 | Distill: 0.0058 | Time: 26.8s | ETA: 80.8h
[2025-11-30 09:31:32]   Batch 1160/11882 | Loss: 9.2313 | Student: 30.7569 | Distill: 0.0061 | Time: 27.1s | ETA: 80.3h
[2025-11-30 09:36:02]   Batch 1170/11882 | Loss: 9.4940 | Student: 31.6308 | Distill: 0.0068 | Time: 27.0s | ETA: 80.4h
[2025-11-30 09:40:32]   Batch 1180/11882 | Loss: 9.0722 | Student: 30.2262 | Distill: 0.0062 | Time: 26.9s | ETA: 80.3h
[2025-11-30 09:45:03]   Batch 1190/11882 | Loss: 9.9056 | Student: 33.0048 | Distill: 0.0059 | Time: 27.2s | ETA: 80.4h
[2025-11-30 09:49:33]   Batch 1200/11882 | Loss: 10.5208 | Student: 35.0581 | Distill: 0.0047 | Time: 27.1s | ETA: 80.3h
[2025-11-30 09:54:04]   Batch 1210/11882 | Loss: 10.6471 | Student: 35.4725 | Distill: 0.0076 | Time: 27.2s | ETA: 80.4h
[2025-11-30 09:58:36]   Batch 1220/11882 | Loss: 8.6747 | Student: 28.9014 | Distill: 0.0062 | Time: 27.2s | ETA: 80.3h
[2025-11-30 10:03:06]   Batch 1230/11882 | Loss: 9.2578 | Student: 30.8477 | Distill: 0.0051 | Time: 26.9s | ETA: 79.9h
[2025-11-30 10:07:35]   Batch 1240/11882 | Loss: 10.6481 | Student: 35.4806 | Distill: 0.0056 | Time: 26.8s | ETA: 79.7h
[2025-11-30 10:12:14]   Batch 1250/11882 | Loss: 10.3566 | Student: 34.5087 | Distill: 0.0057 | Time: 28.3s | ETA: 82.3h
[2025-11-30 10:16:47]   Batch 1260/11882 | Loss: 9.2597 | Student: 30.8542 | Distill: 0.0050 | Time: 27.4s | ETA: 80.4h
[2025-11-30 10:21:30]   Batch 1270/11882 | Loss: 9.1988 | Student: 30.6516 | Distill: 0.0047 | Time: 29.6s | ETA: 83.5h
[2025-11-30 10:26:17]   Batch 1280/11882 | Loss: 9.1700 | Student: 30.5540 | Distill: 0.0055 | Time: 27.1s | ETA: 84.6h
[2025-11-30 10:30:52]   Batch 1290/11882 | Loss: 6.6073 | Student: 22.0143 | Distill: 0.0042 | Time: 27.5s | ETA: 80.7h
[2025-11-30 10:35:24]   Batch 1300/11882 | Loss: 7.9386 | Student: 26.4494 | Distill: 0.0054 | Time: 27.3s | ETA: 80.0h
[2025-11-30 10:39:57]   Batch 1310/11882 | Loss: 10.3487 | Student: 34.4836 | Distill: 0.0052 | Time: 27.4s | ETA: 80.4h
[2025-11-30 10:44:31]   Batch 1320/11882 | Loss: 9.5124 | Student: 31.6972 | Distill: 0.0047 | Time: 27.1s | ETA: 80.1h
[2025-11-30 10:49:02]   Batch 1330/11882 | Loss: 8.5587 | Student: 28.5170 | Distill: 0.0051 | Time: 27.0s | ETA: 79.6h
[2025-11-30 10:53:31]   Batch 1340/11882 | Loss: 10.6562 | Student: 35.5082 | Distill: 0.0053 | Time: 26.8s | ETA: 78.8h
[2025-11-30 10:58:01]   Batch 1350/11882 | Loss: 7.0488 | Student: 23.4862 | Distill: 0.0042 | Time: 27.0s | ETA: 79.0h
[2025-11-30 11:02:30]   Batch 1360/11882 | Loss: 9.6466 | Student: 32.1416 | Distill: 0.0059 | Time: 26.9s | ETA: 78.6h
[2025-11-30 11:06:59]   Batch 1370/11882 | Loss: 8.0652 | Student: 26.8734 | Distill: 0.0046 | Time: 26.8s | ETA: 78.4h
[2025-11-30 11:11:27]   Batch 1380/11882 | Loss: 10.2256 | Student: 34.0744 | Distill: 0.0047 | Time: 26.9s | ETA: 78.4h
[2025-11-30 11:15:55]   Batch 1390/11882 | Loss: 10.8218 | Student: 36.0613 | Distill: 0.0048 | Time: 26.8s | ETA: 78.1h
[2025-11-30 11:20:24]   Batch 1400/11882 | Loss: 10.1740 | Student: 33.9023 | Distill: 0.0047 | Time: 26.9s | ETA: 78.3h
[2025-11-30 11:24:52]   Batch 1410/11882 | Loss: 7.9947 | Student: 26.6384 | Distill: 0.0045 | Time: 26.7s | ETA: 77.9h
[2025-11-30 11:29:23]   Batch 1420/11882 | Loss: 9.1241 | Student: 30.4024 | Distill: 0.0048 | Time: 27.3s | ETA: 78.6h
[2025-11-30 11:33:56]   Batch 1430/11882 | Loss: 8.4284 | Student: 28.0863 | Distill: 0.0036 | Time: 27.2s | ETA: 79.2h
[2025-11-30 11:38:28]   Batch 1440/11882 | Loss: 8.1831 | Student: 27.2629 | Distill: 0.0060 | Time: 27.1s | ETA: 79.0h
[2025-11-30 11:43:01]   Batch 1450/11882 | Loss: 7.4631 | Student: 24.8650 | Distill: 0.0051 | Time: 27.5s | ETA: 79.1h
[2025-11-30 11:47:34]   Batch 1460/11882 | Loss: 8.4730 | Student: 28.2328 | Distill: 0.0045 | Time: 27.4s | ETA: 78.9h
[2025-11-30 11:52:03]   Batch 1470/11882 | Loss: 8.9796 | Student: 29.9215 | Distill: 0.0045 | Time: 27.2s | ETA: 77.9h
[2025-11-30 11:56:33]   Batch 1480/11882 | Loss: 8.7414 | Student: 29.1262 | Distill: 0.0051 | Time: 27.3s | ETA: 77.9h
[2025-11-30 12:01:00]   Batch 1490/11882 | Loss: 7.2617 | Student: 24.1945 | Distill: 0.0048 | Time: 26.7s | ETA: 77.3h
[2025-11-30 12:05:31]   Batch 1500/11882 | Loss: 7.9775 | Student: 26.5787 | Distill: 0.0056 | Time: 27.1s | ETA: 78.0h
[2025-11-30 12:10:00]   Batch 1510/11882 | Loss: 7.5481 | Student: 25.1470 | Distill: 0.0057 | Time: 27.0s | ETA: 77.5h
[2025-11-30 12:14:32]   Batch 1520/11882 | Loss: 9.6092 | Student: 32.0199 | Distill: 0.0046 | Time: 27.1s | ETA: 78.2h
[2025-11-30 12:19:03]   Batch 1530/11882 | Loss: 6.6729 | Student: 22.2280 | Distill: 0.0065 | Time: 27.2s | ETA: 78.1h
[2025-11-30 12:23:34]   Batch 1540/11882 | Loss: 8.6839 | Student: 28.9329 | Distill: 0.0058 | Time: 27.0s | ETA: 77.9h
[2025-11-30 12:28:03]   Batch 1550/11882 | Loss: 8.4428 | Student: 28.1322 | Distill: 0.0045 | Time: 26.6s | ETA: 77.2h
[2025-11-30 12:32:32]   Batch 1560/11882 | Loss: 7.6858 | Student: 25.6066 | Distill: 0.0055 | Time: 27.1s | ETA: 77.2h
[2025-11-30 12:37:03]   Batch 1570/11882 | Loss: 10.3818 | Student: 34.5954 | Distill: 0.0045 | Time: 27.0s | ETA: 77.5h
[2025-11-30 12:41:35]   Batch 1580/11882 | Loss: 10.0913 | Student: 33.6274 | Distill: 0.0044 | Time: 27.3s | ETA: 77.7h
[2025-11-30 12:46:05]   Batch 1590/11882 | Loss: 7.2468 | Student: 24.1442 | Distill: 0.0051 | Time: 27.1s | ETA: 77.3h
[2025-11-30 12:50:35]   Batch 1600/11882 | Loss: 9.1381 | Student: 30.4503 | Distill: 0.0042 | Time: 27.1s | ETA: 77.2h
[2025-11-30 12:55:06]   Batch 1610/11882 | Loss: 5.8750 | Student: 19.5735 | Distill: 0.0042 | Time: 27.1s | ETA: 77.2h
[2025-11-30 12:59:36]   Batch 1620/11882 | Loss: 9.5911 | Student: 31.9594 | Distill: 0.0047 | Time: 27.0s | ETA: 77.0h
[2025-11-30 13:04:06]   Batch 1630/11882 | Loss: 9.3833 | Student: 31.2686 | Distill: 0.0038 | Time: 26.5s | ETA: 76.9h
[2025-11-30 13:08:37]   Batch 1640/11882 | Loss: 9.3753 | Student: 31.2409 | Distill: 0.0043 | Time: 27.1s | ETA: 77.0h
[2025-11-30 13:13:05]   Batch 1650/11882 | Loss: 8.5182 | Student: 28.3825 | Distill: 0.0049 | Time: 26.7s | ETA: 76.4h
[2025-11-30 13:17:34]   Batch 1660/11882 | Loss: 7.6426 | Student: 25.4652 | Distill: 0.0044 | Time: 26.7s | ETA: 76.4h
[2025-11-30 13:22:04]   Batch 1670/11882 | Loss: 9.2541 | Student: 30.8396 | Distill: 0.0032 | Time: 26.8s | ETA: 76.5h
[2025-11-30 13:26:34]   Batch 1680/11882 | Loss: 8.3828 | Student: 27.9327 | Distill: 0.0042 | Time: 27.3s | ETA: 76.4h
[2025-11-30 13:31:03]   Batch 1690/11882 | Loss: 8.5949 | Student: 28.6419 | Distill: 0.0034 | Time: 26.7s | ETA: 76.3h
[2025-11-30 13:35:33]   Batch 1700/11882 | Loss: 10.0009 | Student: 33.3256 | Distill: 0.0046 | Time: 27.1s | ETA: 76.4h
[2025-11-30 13:40:04]   Batch 1710/11882 | Loss: 6.2180 | Student: 20.7177 | Distill: 0.0038 | Time: 27.4s | ETA: 76.4h
[2025-11-30 13:44:35]   Batch 1720/11882 | Loss: 11.3006 | Student: 37.6587 | Distill: 0.0042 | Time: 27.2s | ETA: 76.6h
[2025-11-30 13:49:08]   Batch 1730/11882 | Loss: 9.3200 | Student: 31.0559 | Distill: 0.0046 | Time: 27.3s | ETA: 76.7h
[2025-11-30 13:53:39]   Batch 1740/11882 | Loss: 8.7144 | Student: 29.0376 | Distill: 0.0044 | Time: 27.0s | ETA: 76.5h
[2025-11-30 13:58:11]   Batch 1750/11882 | Loss: 8.9803 | Student: 29.9256 | Distill: 0.0038 | Time: 27.1s | ETA: 76.4h
[2025-11-30 14:02:43]   Batch 1760/11882 | Loss: 11.1558 | Student: 37.1767 | Distill: 0.0040 | Time: 27.3s | ETA: 76.5h
[2025-11-30 14:07:14]   Batch 1770/11882 | Loss: 9.2269 | Student: 30.7476 | Distill: 0.0038 | Time: 26.7s | ETA: 76.3h
[2025-11-30 14:11:45]   Batch 1780/11882 | Loss: 8.0624 | Student: 26.8651 | Distill: 0.0041 | Time: 27.2s | ETA: 76.0h
[2025-11-30 14:16:16]   Batch 1790/11882 | Loss: 10.7401 | Student: 35.7909 | Distill: 0.0041 | Time: 27.2s | ETA: 75.8h
[2025-11-30 14:20:47]   Batch 1800/11882 | Loss: 9.1317 | Student: 30.4294 | Distill: 0.0042 | Time: 26.9s | ETA: 76.1h
[2025-11-30 14:25:17]   Batch 1810/11882 | Loss: 8.0136 | Student: 26.7017 | Distill: 0.0045 | Time: 27.0s | ETA: 75.5h
[2025-11-30 14:29:47]   Batch 1820/11882 | Loss: 9.2676 | Student: 30.8841 | Distill: 0.0035 | Time: 27.0s | ETA: 75.5h
[2025-11-30 14:34:17]   Batch 1830/11882 | Loss: 9.5431 | Student: 31.7985 | Distill: 0.0051 | Time: 27.0s | ETA: 75.2h
[2025-11-30 14:38:47]   Batch 1840/11882 | Loss: 9.5575 | Student: 31.8484 | Distill: 0.0042 | Time: 26.7s | ETA: 75.4h
[2025-11-30 14:43:15]   Batch 1850/11882 | Loss: 7.5531 | Student: 25.1662 | Distill: 0.0047 | Time: 26.8s | ETA: 74.8h
[2025-11-30 14:47:44]   Batch 1860/11882 | Loss: 10.8748 | Student: 36.2376 | Distill: 0.0051 | Time: 27.4s | ETA: 74.9h
[2025-11-30 14:52:15]   Batch 1870/11882 | Loss: 9.9897 | Student: 33.2903 | Distill: 0.0037 | Time: 26.9s | ETA: 75.3h
[2025-11-30 14:56:47]   Batch 1880/11882 | Loss: 9.5076 | Student: 31.6820 | Distill: 0.0043 | Time: 27.5s | ETA: 75.5h
[2025-11-30 15:01:17]   Batch 1890/11882 | Loss: 9.7401 | Student: 32.4579 | Distill: 0.0039 | Time: 27.0s | ETA: 75.0h
[2025-11-30 15:05:47]   Batch 1900/11882 | Loss: 9.5410 | Student: 31.7957 | Distill: 0.0033 | Time: 26.9s | ETA: 74.9h
[2025-11-30 15:10:18]   Batch 1910/11882 | Loss: 8.7583 | Student: 29.1868 | Distill: 0.0032 | Time: 27.0s | ETA: 74.9h
[2025-11-30 15:14:47]   Batch 1920/11882 | Loss: 10.0101 | Student: 33.3577 | Distill: 0.0039 | Time: 27.1s | ETA: 74.6h
[2025-11-30 15:19:18]   Batch 1930/11882 | Loss: 8.1210 | Student: 27.0589 | Distill: 0.0048 | Time: 27.1s | ETA: 74.9h
[2025-11-30 15:23:47]   Batch 1940/11882 | Loss: 11.7970 | Student: 39.3139 | Distill: 0.0040 | Time: 26.8s | ETA: 74.3h
[2025-11-30 15:28:21]   Batch 1950/11882 | Loss: 8.7881 | Student: 29.2848 | Distill: 0.0038 | Time: 27.3s | ETA: 75.5h
[2025-11-30 15:32:54]   Batch 1960/11882 | Loss: 10.1661 | Student: 33.8801 | Distill: 0.0029 | Time: 27.4s | ETA: 75.2h
[2025-11-30 15:37:28]   Batch 1970/11882 | Loss: 10.9102 | Student: 36.3590 | Distill: 0.0036 | Time: 27.1s | ETA: 75.4h
[2025-11-30 15:42:02]   Batch 1980/11882 | Loss: 9.6132 | Student: 32.0367 | Distill: 0.0031 | Time: 27.4s | ETA: 75.2h
[2025-11-30 15:46:35]   Batch 1990/11882 | Loss: 8.7916 | Student: 29.2962 | Distill: 0.0039 | Time: 27.7s | ETA: 75.1h
[2025-11-30 15:51:08]   Batch 2000/11882 | Loss: 8.9583 | Student: 29.8502 | Distill: 0.0046 | Time: 27.1s | ETA: 74.9h
[2025-11-30 15:55:41]   Batch 2010/11882 | Loss: 7.3520 | Student: 24.5013 | Distill: 0.0023 | Time: 27.4s | ETA: 74.9h
[2025-11-30 16:00:15]   Batch 2020/11882 | Loss: 8.7035 | Student: 29.0030 | Distill: 0.0037 | Time: 27.2s | ETA: 75.1h
[2025-11-30 16:04:50]   Batch 2030/11882 | Loss: 8.1115 | Student: 27.0291 | Distill: 0.0040 | Time: 27.5s | ETA: 75.4h
[2025-11-30 16:09:22]   Batch 2040/11882 | Loss: 9.4879 | Student: 31.6164 | Distill: 0.0043 | Time: 27.1s | ETA: 74.2h
[2025-11-30 16:13:53]   Batch 2050/11882 | Loss: 8.1046 | Student: 27.0063 | Distill: 0.0038 | Time: 27.0s | ETA: 74.0h
[2025-11-30 16:18:23]   Batch 2060/11882 | Loss: 9.1892 | Student: 30.6219 | Distill: 0.0037 | Time: 27.0s | ETA: 73.9h
[2025-11-30 16:22:52]   Batch 2070/11882 | Loss: 8.9908 | Student: 29.9618 | Distill: 0.0033 | Time: 26.8s | ETA: 73.2h
[2025-11-30 16:27:20]   Batch 2080/11882 | Loss: 9.5890 | Student: 31.9551 | Distill: 0.0035 | Time: 26.9s | ETA: 73.0h
[2025-11-30 16:31:52]   Batch 2090/11882 | Loss: 7.6613 | Student: 25.5296 | Distill: 0.0035 | Time: 27.4s | ETA: 73.8h
[2025-11-30 16:36:23]   Batch 2100/11882 | Loss: 7.5759 | Student: 25.2457 | Distill: 0.0031 | Time: 27.2s | ETA: 73.6h
[2025-11-30 16:40:52]   Batch 2110/11882 | Loss: 7.6534 | Student: 25.5032 | Distill: 0.0035 | Time: 26.7s | ETA: 73.3h
[2025-11-30 16:45:22]   Batch 2120/11882 | Loss: 7.3019 | Student: 24.3298 | Distill: 0.0043 | Time: 27.0s | ETA: 72.9h
[2025-11-30 16:49:52]   Batch 2130/11882 | Loss: 8.4362 | Student: 28.1126 | Distill: 0.0035 | Time: 27.1s | ETA: 73.4h
[2025-11-30 16:54:24]   Batch 2140/11882 | Loss: 9.0822 | Student: 30.2654 | Distill: 0.0037 | Time: 27.0s | ETA: 73.5h
[2025-11-30 16:58:56]   Batch 2150/11882 | Loss: 9.4451 | Student: 31.4748 | Distill: 0.0038 | Time: 26.9s | ETA: 73.5h
[2025-11-30 17:03:26]   Batch 2160/11882 | Loss: 7.4743 | Student: 24.9091 | Distill: 0.0023 | Time: 26.6s | ETA: 72.9h
[2025-11-30 17:07:55]   Batch 2170/11882 | Loss: 10.4468 | Student: 34.8128 | Distill: 0.0042 | Time: 27.0s | ETA: 72.6h
[2025-11-30 17:12:25]   Batch 2180/11882 | Loss: 9.6281 | Student: 32.0843 | Distill: 0.0040 | Time: 26.9s | ETA: 72.7h
[2025-11-30 17:16:55]   Batch 2190/11882 | Loss: 8.5940 | Student: 28.6360 | Distill: 0.0046 | Time: 26.9s | ETA: 72.5h
[2025-11-30 17:21:24]   Batch 2200/11882 | Loss: 10.3780 | Student: 34.5818 | Distill: 0.0049 | Time: 27.0s | ETA: 72.5h
[2025-11-30 17:25:57]   Batch 2210/11882 | Loss: 8.3155 | Student: 27.7088 | Distill: 0.0041 | Time: 27.1s | ETA: 73.3h
[2025-11-30 17:30:30]   Batch 2220/11882 | Loss: 9.9066 | Student: 33.0146 | Distill: 0.0032 | Time: 27.2s | ETA: 73.2h
[2025-11-30 17:35:02]   Batch 2230/11882 | Loss: 9.5981 | Student: 31.9846 | Distill: 0.0038 | Time: 27.2s | ETA: 73.0h
[2025-11-30 17:39:34]   Batch 2240/11882 | Loss: 8.5384 | Student: 28.4536 | Distill: 0.0034 | Time: 26.8s | ETA: 72.6h
[2025-11-30 17:44:03]   Batch 2250/11882 | Loss: 8.5743 | Student: 28.5740 | Distill: 0.0030 | Time: 26.8s | ETA: 72.2h
[2025-11-30 17:48:33]   Batch 2260/11882 | Loss: 11.1565 | Student: 37.1788 | Distill: 0.0042 | Time: 27.0s | ETA: 72.2h
[2025-11-30 17:53:02]   Batch 2270/11882 | Loss: 9.8611 | Student: 32.8620 | Distill: 0.0036 | Time: 27.1s | ETA: 71.8h
[2025-11-30 17:57:35]   Batch 2280/11882 | Loss: 7.0113 | Student: 23.3635 | Distill: 0.0032 | Time: 27.8s | ETA: 72.7h
[2025-11-30 18:02:07]   Batch 2290/11882 | Loss: 10.8095 | Student: 36.0224 | Distill: 0.0040 | Time: 27.2s | ETA: 72.6h
[2025-11-30 18:06:39]   Batch 2300/11882 | Loss: 11.7738 | Student: 39.2378 | Distill: 0.0035 | Time: 27.5s | ETA: 72.3h
[2025-11-30 18:11:08]   Batch 2310/11882 | Loss: 9.6077 | Student: 32.0179 | Distill: 0.0033 | Time: 26.9s | ETA: 71.6h
[2025-11-30 18:15:39]   Batch 2320/11882 | Loss: 7.5388 | Student: 25.1210 | Distill: 0.0036 | Time: 27.8s | ETA: 71.7h
[2025-11-30 18:20:09]   Batch 2330/11882 | Loss: 6.6340 | Student: 22.1046 | Distill: 0.0038 | Time: 27.1s | ETA: 71.9h
[2025-11-30 18:24:40]   Batch 2340/11882 | Loss: 7.4545 | Student: 24.8392 | Distill: 0.0038 | Time: 27.0s | ETA: 71.8h
[2025-11-30 18:29:12]   Batch 2350/11882 | Loss: 8.1136 | Student: 27.0358 | Distill: 0.0041 | Time: 26.9s | ETA: 71.8h
[2025-11-30 18:33:41]   Batch 2360/11882 | Loss: 10.2209 | Student: 34.0593 | Distill: 0.0044 | Time: 27.0s | ETA: 71.3h
[2025-11-30 18:38:11]   Batch 2370/11882 | Loss: 9.6414 | Student: 32.1312 | Distill: 0.0030 | Time: 26.6s | ETA: 71.2h
[2025-11-30 18:42:40]   Batch 2380/11882 | Loss: 8.7667 | Student: 29.2134 | Distill: 0.0038 | Time: 26.6s | ETA: 71.0h
[2025-11-30 18:47:09]   Batch 2390/11882 | Loss: 7.4359 | Student: 24.7788 | Distill: 0.0033 | Time: 26.8s | ETA: 71.0h
[2025-11-30 18:51:38]   Batch 2400/11882 | Loss: 7.7035 | Student: 25.6698 | Distill: 0.0037 | Time: 27.0s | ETA: 70.7h
[2025-11-30 18:56:07]   Batch 2410/11882 | Loss: 8.0386 | Student: 26.7867 | Distill: 0.0037 | Time: 27.2s | ETA: 70.9h
[2025-11-30 19:00:36]   Batch 2420/11882 | Loss: 8.3121 | Student: 27.6985 | Distill: 0.0036 | Time: 26.8s | ETA: 70.6h
[2025-11-30 19:05:05]   Batch 2430/11882 | Loss: 9.5898 | Student: 31.9579 | Distill: 0.0035 | Time: 26.9s | ETA: 70.7h
[2025-11-30 19:09:34]   Batch 2440/11882 | Loss: 8.7837 | Student: 29.2674 | Distill: 0.0050 | Time: 27.0s | ETA: 70.7h
[2025-11-30 19:14:03]   Batch 2450/11882 | Loss: 7.5258 | Student: 25.0769 | Distill: 0.0040 | Time: 26.8s | ETA: 70.2h
[2025-11-30 19:18:31]   Batch 2460/11882 | Loss: 9.8863 | Student: 32.9469 | Distill: 0.0032 | Time: 26.8s | ETA: 70.4h
[2025-11-30 19:23:09]   Batch 2470/11882 | Loss: 9.8306 | Student: 32.7601 | Distill: 0.0037 | Time: 27.0s | ETA: 72.6h
[2025-11-30 19:27:39]   Batch 2480/11882 | Loss: 9.3802 | Student: 31.2584 | Distill: 0.0038 | Time: 26.9s | ETA: 70.5h
[2025-11-30 19:32:08]   Batch 2490/11882 | Loss: 7.4917 | Student: 24.9642 | Distill: 0.0035 | Time: 26.8s | ETA: 70.1h
[2025-11-30 19:36:38]   Batch 2500/11882 | Loss: 10.1187 | Student: 33.7194 | Distill: 0.0041 | Time: 27.5s | ETA: 70.5h
[2025-11-30 19:41:09]   Batch 2510/11882 | Loss: 8.0794 | Student: 26.9224 | Distill: 0.0038 | Time: 27.0s | ETA: 70.5h
[2025-11-30 19:45:40]   Batch 2520/11882 | Loss: 7.9411 | Student: 26.4627 | Distill: 0.0032 | Time: 27.0s | ETA: 70.4h
[2025-11-30 19:50:10]   Batch 2530/11882 | Loss: 8.3470 | Student: 27.8144 | Distill: 0.0039 | Time: 26.9s | ETA: 70.2h
[2025-11-30 19:54:40]   Batch 2540/11882 | Loss: 5.9037 | Student: 19.6702 | Distill: 0.0037 | Time: 27.2s | ETA: 70.1h
[2025-11-30 19:59:11]   Batch 2550/11882 | Loss: 8.9605 | Student: 29.8608 | Distill: 0.0032 | Time: 26.8s | ETA: 70.1h
[2025-11-30 20:03:41]   Batch 2560/11882 | Loss: 7.3460 | Student: 24.4794 | Distill: 0.0031 | Time: 27.0s | ETA: 69.8h
[2025-11-30 20:08:11]   Batch 2570/11882 | Loss: 9.4717 | Student: 31.5620 | Distill: 0.0045 | Time: 27.1s | ETA: 70.0h
[2025-11-30 20:12:41]   Batch 2580/11882 | Loss: 11.4032 | Student: 37.9998 | Distill: 0.0047 | Time: 27.0s | ETA: 69.7h
[2025-11-30 20:17:11]   Batch 2590/11882 | Loss: 9.3363 | Student: 31.1130 | Distill: 0.0035 | Time: 26.5s | ETA: 69.7h
[2025-11-30 20:21:41]   Batch 2600/11882 | Loss: 8.1370 | Student: 27.1169 | Distill: 0.0028 | Time: 27.2s | ETA: 69.5h
[2025-11-30 20:26:10]   Batch 2610/11882 | Loss: 10.2792 | Student: 34.2563 | Distill: 0.0033 | Time: 27.2s | ETA: 69.5h
[2025-11-30 20:30:41]   Batch 2620/11882 | Loss: 9.0860 | Student: 30.2742 | Distill: 0.0053 | Time: 27.1s | ETA: 69.5h
[2025-11-30 20:35:10]   Batch 2630/11882 | Loss: 8.9337 | Student: 29.7721 | Distill: 0.0029 | Time: 26.9s | ETA: 69.3h
[2025-11-30 20:39:40]   Batch 2640/11882 | Loss: 6.6716 | Student: 22.2302 | Distill: 0.0036 | Time: 26.8s | ETA: 69.1h
[2025-11-30 20:44:09]   Batch 2650/11882 | Loss: 8.8857 | Student: 29.6127 | Distill: 0.0028 | Time: 27.1s | ETA: 69.2h
[2025-11-30 20:48:39]   Batch 2660/11882 | Loss: 9.4110 | Student: 31.3625 | Distill: 0.0032 | Time: 26.6s | ETA: 69.1h
[2025-11-30 20:53:09]   Batch 2670/11882 | Loss: 9.1049 | Student: 30.3403 | Distill: 0.0041 | Time: 27.1s | ETA: 69.0h
[2025-11-30 20:57:39]   Batch 2680/11882 | Loss: 9.5825 | Student: 31.9325 | Distill: 0.0040 | Time: 26.7s | ETA: 69.1h
[2025-11-30 21:02:08]   Batch 2690/11882 | Loss: 7.9271 | Student: 26.4168 | Distill: 0.0030 | Time: 26.8s | ETA: 68.7h
[2025-11-30 21:06:39]   Batch 2700/11882 | Loss: 10.3677 | Student: 34.5487 | Distill: 0.0044 | Time: 27.1s | ETA: 69.1h
[2025-11-30 21:11:07]   Batch 2710/11882 | Loss: 8.7012 | Student: 28.9954 | Distill: 0.0037 | Time: 26.8s | ETA: 68.1h
[2025-11-30 21:15:33]   Batch 2720/11882 | Loss: 8.4527 | Student: 28.1665 | Distill: 0.0039 | Time: 26.7s | ETA: 67.7h
[2025-11-30 21:20:00]   Batch 2730/11882 | Loss: 7.1752 | Student: 23.9116 | Distill: 0.0025 | Time: 26.7s | ETA: 68.1h
[2025-11-30 21:24:28]   Batch 2740/11882 | Loss: 7.9594 | Student: 26.5251 | Distill: 0.0027 | Time: 26.7s | ETA: 68.0h
[2025-11-30 21:28:57]   Batch 2750/11882 | Loss: 8.4021 | Student: 28.0002 | Distill: 0.0029 | Time: 26.6s | ETA: 68.1h
[2025-11-30 21:33:25]   Batch 2760/11882 | Loss: 8.0818 | Student: 26.9314 | Distill: 0.0034 | Time: 26.9s | ETA: 67.9h
[2025-11-30 21:37:53]   Batch 2770/11882 | Loss: 7.7258 | Student: 25.7425 | Distill: 0.0044 | Time: 26.7s | ETA: 67.9h
[2025-11-30 21:42:22]   Batch 2780/11882 | Loss: 10.2138 | Student: 34.0360 | Distill: 0.0043 | Time: 26.9s | ETA: 68.1h
[2025-11-30 21:46:50]   Batch 2790/11882 | Loss: 9.5576 | Student: 31.8518 | Distill: 0.0029 | Time: 26.9s | ETA: 67.7h
[2025-11-30 21:51:18]   Batch 2800/11882 | Loss: 9.9871 | Student: 33.2832 | Distill: 0.0031 | Time: 26.7s | ETA: 67.5h
[2025-11-30 21:55:44]   Batch 2810/11882 | Loss: 6.8668 | Student: 22.8821 | Distill: 0.0031 | Time: 26.7s | ETA: 67.1h
[2025-11-30 22:00:12]   Batch 2820/11882 | Loss: 10.0186 | Student: 33.3867 | Distill: 0.0036 | Time: 26.9s | ETA: 67.4h
[2025-11-30 22:04:39]   Batch 2830/11882 | Loss: 8.6291 | Student: 28.7556 | Distill: 0.0035 | Time: 26.6s | ETA: 67.0h
[2025-11-30 22:09:05]   Batch 2840/11882 | Loss: 9.0093 | Student: 30.0245 | Distill: 0.0028 | Time: 26.6s | ETA: 66.9h
[2025-11-30 22:13:32]   Batch 2850/11882 | Loss: 8.7419 | Student: 29.1309 | Distill: 0.0037 | Time: 26.7s | ETA: 66.9h
[2025-11-30 22:17:58]   Batch 2860/11882 | Loss: 8.9624 | Student: 29.8675 | Distill: 0.0031 | Time: 26.7s | ETA: 66.8h
[2025-11-30 22:22:24]   Batch 2870/11882 | Loss: 8.5835 | Student: 28.6048 | Distill: 0.0029 | Time: 26.8s | ETA: 66.5h
[2025-11-30 22:26:52]   Batch 2880/11882 | Loss: 9.6212 | Student: 32.0629 | Distill: 0.0033 | Time: 27.2s | ETA: 67.0h
[2025-11-30 22:31:21]   Batch 2890/11882 | Loss: 8.0453 | Student: 26.8098 | Distill: 0.0034 | Time: 27.0s | ETA: 67.2h
[2025-11-30 22:35:48]   Batch 2900/11882 | Loss: 9.2357 | Student: 30.7777 | Distill: 0.0033 | Time: 26.7s | ETA: 66.5h
[2025-11-30 22:40:16]   Batch 2910/11882 | Loss: 8.7825 | Student: 29.2678 | Distill: 0.0031 | Time: 26.8s | ETA: 66.8h
[2025-11-30 22:44:43]   Batch 2920/11882 | Loss: 8.7550 | Student: 29.1759 | Distill: 0.0032 | Time: 26.7s | ETA: 66.4h
[2025-11-30 22:49:10]   Batch 2930/11882 | Loss: 9.4180 | Student: 31.3862 | Distill: 0.0031 | Time: 26.8s | ETA: 66.4h
[2025-11-30 22:53:38]   Batch 2940/11882 | Loss: 8.8703 | Student: 29.5571 | Distill: 0.0045 | Time: 26.9s | ETA: 66.7h
[2025-11-30 22:58:05]   Batch 2950/11882 | Loss: 8.9670 | Student: 29.8834 | Distill: 0.0028 | Time: 26.7s | ETA: 66.2h
[2025-11-30 23:02:32]   Batch 2960/11882 | Loss: 7.5547 | Student: 25.1747 | Distill: 0.0032 | Time: 26.6s | ETA: 66.1h
[2025-11-30 23:06:59]   Batch 2970/11882 | Loss: 10.3043 | Student: 34.3390 | Distill: 0.0037 | Time: 26.6s | ETA: 66.0h
[2025-11-30 23:11:25]   Batch 2980/11882 | Loss: 10.3454 | Student: 34.4757 | Distill: 0.0039 | Time: 26.6s | ETA: 65.8h
[2025-11-30 23:15:51]   Batch 2990/11882 | Loss: 8.4377 | Student: 28.1159 | Distill: 0.0041 | Time: 26.7s | ETA: 65.8h
[2025-11-30 23:20:17]   Batch 3000/11882 | Loss: 9.5213 | Student: 31.7312 | Distill: 0.0028 | Time: 26.3s | ETA: 65.7h
[2025-11-30 23:24:44]   Batch 3010/11882 | Loss: 9.5822 | Student: 31.9335 | Distill: 0.0031 | Time: 26.7s | ETA: 65.7h
[2025-11-30 23:29:10]   Batch 3020/11882 | Loss: 11.2804 | Student: 37.5931 | Distill: 0.0035 | Time: 26.6s | ETA: 65.5h
[2025-11-30 23:33:40]   Batch 3030/11882 | Loss: 9.7321 | Student: 32.4339 | Distill: 0.0028 | Time: 26.7s | ETA: 66.2h
[2025-11-30 23:38:06]   Batch 3040/11882 | Loss: 7.7979 | Student: 25.9861 | Distill: 0.0029 | Time: 26.7s | ETA: 65.5h
[2025-11-30 23:42:32]   Batch 3050/11882 | Loss: 10.9352 | Student: 36.4427 | Distill: 0.0034 | Time: 26.6s | ETA: 65.2h
[2025-11-30 23:46:58]   Batch 3060/11882 | Loss: 8.5829 | Student: 28.6015 | Distill: 0.0034 | Time: 26.5s | ETA: 65.2h
[2025-11-30 23:51:24]   Batch 3070/11882 | Loss: 8.8445 | Student: 29.4739 | Distill: 0.0033 | Time: 26.5s | ETA: 65.1h
[2025-11-30 23:55:50]   Batch 3080/11882 | Loss: 9.0668 | Student: 30.2147 | Distill: 0.0034 | Time: 26.5s | ETA: 65.1h
[2025-12-01 00:00:17]   Batch 3090/11882 | Loss: 7.4152 | Student: 24.7094 | Distill: 0.0034 | Time: 26.7s | ETA: 65.1h
[2025-12-01 00:04:44]   Batch 3100/11882 | Loss: 7.9648 | Student: 26.5423 | Distill: 0.0029 | Time: 26.4s | ETA: 65.2h
[2025-12-01 00:09:11]   Batch 3110/11882 | Loss: 10.3420 | Student: 34.4642 | Distill: 0.0039 | Time: 26.6s | ETA: 65.1h
[2025-12-01 00:13:37]   Batch 3120/11882 | Loss: 7.6631 | Student: 25.5371 | Distill: 0.0028 | Time: 26.4s | ETA: 64.8h
[2025-12-01 00:18:03]   Batch 3130/11882 | Loss: 9.9565 | Student: 33.1781 | Distill: 0.0044 | Time: 26.4s | ETA: 64.6h
[2025-12-01 00:22:29]   Batch 3140/11882 | Loss: 8.2316 | Student: 27.4265 | Distill: 0.0053 | Time: 26.7s | ETA: 64.6h
[2025-12-01 00:26:55]   Batch 3150/11882 | Loss: 8.5293 | Student: 28.4226 | Distill: 0.0036 | Time: 26.7s | ETA: 64.4h
[2025-12-01 00:31:20]   Batch 3160/11882 | Loss: 7.5305 | Student: 25.0953 | Distill: 0.0027 | Time: 26.5s | ETA: 64.3h
[2025-12-01 00:35:46]   Batch 3170/11882 | Loss: 10.1951 | Student: 33.9728 | Distill: 0.0046 | Time: 26.3s | ETA: 64.3h
[2025-12-01 00:40:12]   Batch 3180/11882 | Loss: 10.4811 | Student: 34.9283 | Distill: 0.0037 | Time: 26.7s | ETA: 64.1h
[2025-12-01 00:44:38]   Batch 3190/11882 | Loss: 9.8347 | Student: 32.7730 | Distill: 0.0040 | Time: 26.3s | ETA: 64.2h
[2025-12-01 00:49:04]   Batch 3200/11882 | Loss: 7.9598 | Student: 26.5265 | Distill: 0.0027 | Time: 26.3s | ETA: 64.2h
[2025-12-01 00:53:29]   Batch 3210/11882 | Loss: 8.1575 | Student: 27.1842 | Distill: 0.0033 | Time: 26.2s | ETA: 63.8h
[2025-12-01 00:57:55]   Batch 3220/11882 | Loss: 12.1701 | Student: 40.5588 | Distill: 0.0036 | Time: 26.6s | ETA: 64.1h
[2025-12-01 01:02:20]   Batch 3230/11882 | Loss: 11.1795 | Student: 37.2553 | Distill: 0.0042 | Time: 26.3s | ETA: 63.7h
[2025-12-01 01:06:46]   Batch 3240/11882 | Loss: 8.8740 | Student: 29.5727 | Distill: 0.0031 | Time: 26.8s | ETA: 63.9h
[2025-12-01 01:11:12]   Batch 3250/11882 | Loss: 9.5550 | Student: 31.8389 | Distill: 0.0047 | Time: 26.6s | ETA: 63.6h
[2025-12-01 01:15:37]   Batch 3260/11882 | Loss: 8.5533 | Student: 28.5035 | Distill: 0.0032 | Time: 26.4s | ETA: 63.6h
[2025-12-01 01:20:03]   Batch 3270/11882 | Loss: 9.0107 | Student: 30.0245 | Distill: 0.0048 | Time: 26.6s | ETA: 63.7h
[2025-12-01 01:24:29]   Batch 3280/11882 | Loss: 7.6608 | Student: 25.5306 | Distill: 0.0023 | Time: 26.6s | ETA: 63.4h
[2025-12-01 01:28:54]   Batch 3290/11882 | Loss: 9.2750 | Student: 30.9091 | Distill: 0.0032 | Time: 26.5s | ETA: 63.4h
[2025-12-01 01:33:20]   Batch 3300/11882 | Loss: 8.8181 | Student: 29.3844 | Distill: 0.0040 | Time: 26.5s | ETA: 63.3h
[2025-12-01 01:37:46]   Batch 3310/11882 | Loss: 8.4108 | Student: 28.0278 | Distill: 0.0035 | Time: 26.4s | ETA: 63.3h
[2025-12-01 01:42:11]   Batch 3320/11882 | Loss: 7.9915 | Student: 26.6299 | Distill: 0.0035 | Time: 26.6s | ETA: 63.2h
[2025-12-01 01:46:37]   Batch 3330/11882 | Loss: 7.1489 | Student: 23.8221 | Distill: 0.0033 | Time: 26.9s | ETA: 63.0h
[2025-12-01 01:51:02]   Batch 3340/11882 | Loss: 9.7436 | Student: 32.4717 | Distill: 0.0030 | Time: 26.7s | ETA: 62.9h
[2025-12-01 01:55:27]   Batch 3350/11882 | Loss: 8.1993 | Student: 27.3221 | Distill: 0.0038 | Time: 26.4s | ETA: 62.9h
[2025-12-01 01:59:53]   Batch 3360/11882 | Loss: 9.5530 | Student: 31.8368 | Distill: 0.0028 | Time: 26.3s | ETA: 63.0h
[2025-12-01 02:04:19]   Batch 3370/11882 | Loss: 7.6819 | Student: 25.5979 | Distill: 0.0037 | Time: 26.6s | ETA: 62.8h
[2025-12-01 02:08:43]   Batch 3380/11882 | Loss: 8.8940 | Student: 29.6387 | Distill: 0.0034 | Time: 26.5s | ETA: 62.5h
[2025-12-01 02:13:08]   Batch 3390/11882 | Loss: 8.0510 | Student: 26.8289 | Distill: 0.0033 | Time: 26.4s | ETA: 62.4h
[2025-12-01 02:17:34]   Batch 3400/11882 | Loss: 10.2689 | Student: 34.2202 | Distill: 0.0041 | Time: 26.6s | ETA: 62.6h
[2025-12-01 02:21:59]   Batch 3410/11882 | Loss: 8.1383 | Student: 27.1211 | Distill: 0.0028 | Time: 26.3s | ETA: 62.4h
[2025-12-01 02:26:23]   Batch 3420/11882 | Loss: 8.8457 | Student: 29.4783 | Distill: 0.0032 | Time: 26.6s | ETA: 62.1h
[2025-12-01 02:30:49]   Batch 3430/11882 | Loss: 9.8815 | Student: 32.9316 | Distill: 0.0029 | Time: 26.4s | ETA: 62.4h
[2025-12-01 02:35:14]   Batch 3440/11882 | Loss: 10.2140 | Student: 34.0380 | Distill: 0.0036 | Time: 26.5s | ETA: 62.2h
[2025-12-01 02:39:40]   Batch 3450/11882 | Loss: 11.3818 | Student: 37.9303 | Distill: 0.0039 | Time: 26.5s | ETA: 62.1h
[2025-12-01 02:44:05]   Batch 3460/11882 | Loss: 8.5246 | Student: 28.4084 | Distill: 0.0030 | Time: 26.5s | ETA: 62.0h
[2025-12-01 02:48:30]   Batch 3470/11882 | Loss: 9.5194 | Student: 31.7225 | Distill: 0.0038 | Time: 26.5s | ETA: 62.0h
[2025-12-01 02:52:55]   Batch 3480/11882 | Loss: 8.1599 | Student: 27.1919 | Distill: 0.0033 | Time: 26.3s | ETA: 61.9h
[2025-12-01 02:57:21]   Batch 3490/11882 | Loss: 8.1357 | Student: 27.1088 | Distill: 0.0043 | Time: 26.3s | ETA: 61.9h
[2025-12-01 03:01:46]   Batch 3500/11882 | Loss: 7.2363 | Student: 24.1144 | Distill: 0.0029 | Time: 26.4s | ETA: 61.6h
[2025-12-01 03:06:10]   Batch 3510/11882 | Loss: 8.9729 | Student: 29.9020 | Distill: 0.0032 | Time: 26.6s | ETA: 61.5h
[2025-12-01 03:10:36]   Batch 3520/11882 | Loss: 8.3144 | Student: 27.7051 | Distill: 0.0041 | Time: 26.3s | ETA: 61.7h
[2025-12-01 03:15:01]   Batch 3530/11882 | Loss: 9.6834 | Student: 32.2706 | Distill: 0.0031 | Time: 26.5s | ETA: 61.4h
[2025-12-01 03:19:25]   Batch 3540/11882 | Loss: 8.7377 | Student: 29.1189 | Distill: 0.0029 | Time: 26.4s | ETA: 61.3h
[2025-12-01 03:23:51]   Batch 3550/11882 | Loss: 7.2365 | Student: 24.1130 | Distill: 0.0038 | Time: 26.5s | ETA: 61.5h
[2025-12-01 03:28:16]   Batch 3560/11882 | Loss: 8.1163 | Student: 27.0473 | Distill: 0.0031 | Time: 26.5s | ETA: 61.3h
[2025-12-01 03:32:42]   Batch 3570/11882 | Loss: 9.7168 | Student: 32.3820 | Distill: 0.0031 | Time: 26.6s | ETA: 61.3h
[2025-12-01 03:37:07]   Batch 3580/11882 | Loss: 9.0065 | Student: 30.0144 | Distill: 0.0032 | Time: 26.4s | ETA: 61.2h
[2025-12-01 03:41:32]   Batch 3590/11882 | Loss: 6.5679 | Student: 21.8863 | Distill: 0.0029 | Time: 26.6s | ETA: 61.0h
[2025-12-01 03:45:57]   Batch 3600/11882 | Loss: 9.2526 | Student: 30.8357 | Distill: 0.0026 | Time: 26.6s | ETA: 61.1h
[2025-12-01 03:50:22]   Batch 3610/11882 | Loss: 8.2685 | Student: 27.5538 | Distill: 0.0034 | Time: 26.5s | ETA: 60.8h
[2025-12-01 03:54:47]   Batch 3620/11882 | Loss: 9.3060 | Student: 31.0131 | Distill: 0.0030 | Time: 26.5s | ETA: 60.7h
[2025-12-01 03:59:13]   Batch 3630/11882 | Loss: 9.9599 | Student: 33.1898 | Distill: 0.0042 | Time: 26.7s | ETA: 60.9h
[2025-12-01 04:03:37]   Batch 3640/11882 | Loss: 8.9528 | Student: 29.8351 | Distill: 0.0032 | Time: 26.4s | ETA: 60.6h
[2025-12-01 04:08:03]   Batch 3650/11882 | Loss: 10.6785 | Student: 35.5839 | Distill: 0.0047 | Time: 26.6s | ETA: 60.7h
[2025-12-01 04:12:28]   Batch 3660/11882 | Loss: 8.3036 | Student: 27.6730 | Distill: 0.0024 | Time: 26.7s | ETA: 60.7h
[2025-12-01 04:16:54]   Batch 3670/11882 | Loss: 8.1764 | Student: 27.2468 | Distill: 0.0034 | Time: 26.6s | ETA: 60.6h
[2025-12-01 04:21:19]   Batch 3680/11882 | Loss: 8.7230 | Student: 29.0677 | Distill: 0.0039 | Time: 26.3s | ETA: 60.3h
[2025-12-01 04:25:44]   Batch 3690/11882 | Loss: 8.5629 | Student: 28.5371 | Distill: 0.0025 | Time: 26.6s | ETA: 60.2h
[2025-12-01 04:30:09]   Batch 3700/11882 | Loss: 9.6776 | Student: 32.2486 | Distill: 0.0044 | Time: 26.5s | ETA: 60.3h
[2025-12-01 04:34:34]   Batch 3710/11882 | Loss: 8.1799 | Student: 27.2568 | Distill: 0.0041 | Time: 26.3s | ETA: 60.2h
[2025-12-01 04:38:59]   Batch 3720/11882 | Loss: 10.1888 | Student: 33.9512 | Distill: 0.0050 | Time: 26.4s | ETA: 60.1h
[2025-12-01 04:43:24]   Batch 3730/11882 | Loss: 9.5293 | Student: 31.7532 | Distill: 0.0047 | Time: 26.4s | ETA: 60.0h
[2025-12-01 04:47:50]   Batch 3740/11882 | Loss: 7.7751 | Student: 25.9059 | Distill: 0.0048 | Time: 26.7s | ETA: 60.0h
[2025-12-01 04:52:15]   Batch 3750/11882 | Loss: 9.0002 | Student: 29.9914 | Distill: 0.0039 | Time: 26.5s | ETA: 59.8h
[2025-12-01 04:56:40]   Batch 3760/11882 | Loss: 5.9834 | Student: 19.9375 | Distill: 0.0031 | Time: 26.9s | ETA: 59.8h
[2025-12-01 05:01:04]   Batch 3770/11882 | Loss: 9.1387 | Student: 30.4544 | Distill: 0.0033 | Time: 26.5s | ETA: 59.7h
[2025-12-01 05:05:29]   Batch 3780/11882 | Loss: 7.6181 | Student: 25.3876 | Distill: 0.0025 | Time: 26.3s | ETA: 59.6h
[2025-12-01 05:09:53]   Batch 3790/11882 | Loss: 7.4492 | Student: 24.8240 | Distill: 0.0029 | Time: 26.2s | ETA: 59.3h
[2025-12-01 05:14:19]   Batch 3800/11882 | Loss: 7.9735 | Student: 26.5692 | Distill: 0.0040 | Time: 26.8s | ETA: 59.6h
[2025-12-01 05:18:44]   Batch 3810/11882 | Loss: 7.8312 | Student: 26.0978 | Distill: 0.0026 | Time: 26.8s | ETA: 59.6h
[2025-12-01 05:23:10]   Batch 3820/11882 | Loss: 8.8110 | Student: 29.3627 | Distill: 0.0031 | Time: 26.6s | ETA: 59.4h
[2025-12-01 05:27:35]   Batch 3830/11882 | Loss: 9.1484 | Student: 30.4867 | Distill: 0.0035 | Time: 26.6s | ETA: 59.5h
[2025-12-01 05:32:01]   Batch 3840/11882 | Loss: 8.1276 | Student: 27.0866 | Distill: 0.0023 | Time: 26.5s | ETA: 59.3h
[2025-12-01 05:36:25]   Batch 3850/11882 | Loss: 7.5115 | Student: 25.0306 | Distill: 0.0034 | Time: 26.3s | ETA: 59.0h
[2025-12-01 05:40:50]   Batch 3860/11882 | Loss: 8.5321 | Student: 28.4337 | Distill: 0.0028 | Time: 26.4s | ETA: 59.1h
[2025-12-01 05:45:15]   Batch 3870/11882 | Loss: 7.7520 | Student: 25.8322 | Distill: 0.0034 | Time: 26.3s | ETA: 59.0h
[2025-12-01 05:49:40]   Batch 3880/11882 | Loss: 9.1712 | Student: 30.5643 | Distill: 0.0028 | Time: 26.4s | ETA: 58.9h
[2025-12-01 05:54:05]   Batch 3890/11882 | Loss: 11.2257 | Student: 37.4100 | Distill: 0.0039 | Time: 26.3s | ETA: 58.8h
[2025-12-01 05:58:31]   Batch 3900/11882 | Loss: 9.1173 | Student: 30.3826 | Distill: 0.0036 | Time: 26.5s | ETA: 58.8h
[2025-12-01 06:02:56]   Batch 3910/11882 | Loss: 8.1419 | Student: 27.1330 | Distill: 0.0029 | Time: 26.5s | ETA: 58.6h
[2025-12-01 06:07:21]   Batch 3920/11882 | Loss: 7.8708 | Student: 26.2296 | Distill: 0.0028 | Time: 26.5s | ETA: 58.7h
[2025-12-01 06:11:47]   Batch 3930/11882 | Loss: 7.4447 | Student: 24.8084 | Distill: 0.0031 | Time: 26.5s | ETA: 58.7h
[2025-12-01 06:16:13]   Batch 3940/11882 | Loss: 12.1022 | Student: 40.3314 | Distill: 0.0039 | Time: 26.9s | ETA: 58.6h
[2025-12-01 06:20:39]   Batch 3950/11882 | Loss: 7.6799 | Student: 25.5914 | Distill: 0.0036 | Time: 26.6s | ETA: 58.5h
[2025-12-01 06:25:04]   Batch 3960/11882 | Loss: 8.0896 | Student: 26.9584 | Distill: 0.0030 | Time: 26.7s | ETA: 58.4h
[2025-12-01 06:29:30]   Batch 3970/11882 | Loss: 8.7606 | Student: 29.1962 | Distill: 0.0026 | Time: 26.5s | ETA: 58.5h
[2025-12-01 06:33:54]   Batch 3980/11882 | Loss: 8.8015 | Student: 29.3324 | Distill: 0.0025 | Time: 26.3s | ETA: 57.9h
[2025-12-01 06:38:20]   Batch 3990/11882 | Loss: 8.5035 | Student: 28.3384 | Distill: 0.0028 | Time: 26.6s | ETA: 58.2h
[2025-12-01 06:42:45]   Batch 4000/11882 | Loss: 8.0299 | Student: 26.7579 | Distill: 0.0037 | Time: 26.6s | ETA: 58.1h
[2025-12-01 06:47:11]   Batch 4010/11882 | Loss: 10.1267 | Student: 33.7493 | Distill: 0.0028 | Time: 26.5s | ETA: 58.0h
[2025-12-01 06:51:36]   Batch 4020/11882 | Loss: 9.8413 | Student: 32.7944 | Distill: 0.0043 | Time: 26.8s | ETA: 57.9h
[2025-12-01 06:56:01]   Batch 4030/11882 | Loss: 9.1204 | Student: 30.3943 | Distill: 0.0031 | Time: 26.5s | ETA: 57.7h
[2025-12-01 07:00:26]   Batch 4040/11882 | Loss: 7.3885 | Student: 24.6218 | Distill: 0.0027 | Time: 26.4s | ETA: 57.8h
[2025-12-01 07:04:51]   Batch 4050/11882 | Loss: 8.6959 | Student: 28.9798 | Distill: 0.0027 | Time: 26.5s | ETA: 57.7h
[2025-12-01 07:09:17]   Batch 4060/11882 | Loss: 10.5124 | Student: 35.0286 | Distill: 0.0054 | Time: 26.6s | ETA: 57.6h
[2025-12-01 07:13:42]   Batch 4070/11882 | Loss: 9.5769 | Student: 31.9133 | Distill: 0.0041 | Time: 26.5s | ETA: 57.6h
[2025-12-01 07:18:07]   Batch 4080/11882 | Loss: 11.0512 | Student: 36.8293 | Distill: 0.0034 | Time: 26.5s | ETA: 57.4h
